[20:51:37] [INFO ] Main - Starting Selenium test...
[20:51:38] [INFO ] Main - Navigating to Google...
[20:51:40] [WARN ] Main - No cookie popup found.
[20:51:40] [INFO ] Main - Typing search query: test
[20:51:42] [INFO ] Main - Page title after search: https://www.google.com/search?q=test&sca_esv=497cb87f152d986c&source=hp&ei=WkgLab3UOZ2pvr0Px7mxqA0&iflsig=AOw8s4IAAAAAaQtWaqmdT1ch4DIrWtzwR8GPvQg0fwWY&ved=0ahUKEwi96bbGhtuQAxWdlK8BHcdcDNUQ4dUDCA4&uact=5&oq=test&gs_lp=Egdnd3Mtd2l6IgR0ZXN0SBlQAFgEcAB4AJABAJgBAKABAKoBALgBA8gBAPgBAZgCAKACAJgDAJIHAKAHALIHALgHAMIHAMgHAA&sclient=gws-wiz&sei=XEgLaaywDO3bvr0P4P-C6AY
[20:51:42] [INFO ] Main - Browser closed.
[20:52:36] [INFO ] Main - Starting Selenium test (headless mode)...
[20:52:37] [INFO ] Main - Navigating to Google...
[20:52:39] [WARN ] Main - No cookie popup found.
[20:52:39] [INFO ] Main - Typing search query: test
[20:52:41] [INFO ] Main - Page title after search: https://www.google.com/search?q=test&sca_esv=497cb87f152d986c&source=hp&ei=lkgLaeqUAY7LvMcPhISV6QY&iflsig=AOw8s4IAAAAAaQtWpkbm3hZlm6ut3X3jE11UiLP2jCeo&ved=0ahUKEwjqt8zihtuQAxWOJe8CHQRCJW0Q4dUDCA0&uact=5&oq=test&gs_lp=Egdnd3Mtd2l6IgR0ZXN0SBRQAFgEcAB4AJABAJgBAKABAKoBALgBA8gBAPgBAZgCAKACAJgDAJIHAKAHALIHALgHAMIHAMgHAA&sclient=gws-wiz&sei=l0gLaYvfDtXR2roP-dzd2AU
[20:52:41] [INFO ] Main - Browser closed.
[22:18:50] [INFO ] Main - Starting Selenium test (headless mode)...
[22:18:51] [INFO ] Main - Navigating to Google...
[22:18:54] [WARN ] Main - No cookie popup found.
[22:18:54] [INFO ] Main - Typing search query: test
[22:18:56] [INFO ] Main - Page title after search: https://www.google.com/search?q=test&sca_esv=158cb2df441fc0a8&source=hp&ei=zFwLad2tC7PPkPIPiKDNwAw&iflsig=AOw8s4IAAAAAaQtq3JPW9mDXWLgLxjKJSPhOCUzXdSRL&ved=0ahUKEwjdw-qFmtuQAxWzJ0QIHQhQE8gQ4dUDCA0&uact=5&oq=test&gs_lp=Egdnd3Mtd2l6IgR0ZXN0SBNQAFgDcAB4AJABAJgBAKABAKoBALgBA8gBAPgBAZgCAKACAJgDAJIHAKAHALIHALgHAMIHAMgHAA&sclient=gws-wiz&sei=zVwLacHfHazS1e8Ph_S1yQs
[22:18:56] [INFO ] Main - Browser closed.
[22:24:50] [INFO ] Main - Starting Selenium test (headless mode)...
[22:24:51] [INFO ] Main - Navigating to Google...
[22:24:53] [WARN ] Main - No cookie popup found.
[22:24:53] [INFO ] Main - Typing search query: test
[22:24:55] [INFO ] Main - Page title after search: https://www.google.com/search?q=test&sca_esv=158cb2df441fc0a8&source=hp&ei=M14LaZLzDeLo1e8PlPXJ0Qs&iflsig=AOw8s4IAAAAAaQtsQ1s1LByi6oj2abwZW5k5UZ4HYxak&ved=0ahUKEwjS2ISxm9uQAxVidPUHHZR6MroQ4dUDCA0&uact=5&oq=test&gs_lp=Egdnd3Mtd2l6IgR0ZXN0SBJQAFgDcAB4AJABAJgBAKABAKoBALgBA8gBAPgBAZgCAKACAJgDAJIHAKAHALIHALgHAMIHAMgHAA&sclient=gws-wiz&sei=NF4LaciLHeHH1e8PgKW3sA0
[22:24:55] [INFO ] Main - Browser closed.
[22:44:23] [INFO ] Main - Starting Selenium test (headless mode)...
[22:44:23] [INFO ] Main - Navigating to Google...
[22:44:25] [WARN ] Main - No cookie popup found.
[22:44:25] [INFO ] Main - Typing search query: test
[22:44:27] [INFO ] Main - Page title after search: https://www.google.com/search?q=test&sca_esv=158cb2df441fc0a8&source=hp&ei=yGILadSzAqHZ1e8Pk4nxqQc&iflsig=AOw8s4IAAAAAaQtw2FLH6xxulgzra1NmQj6i4Ti5_Uyd&ved=0ahUKEwjUt6Pgn9uQAxWhbPUHHZNEPHUQ4dUDCA0&uact=5&oq=test&gs_lp=Egdnd3Mtd2l6IgR0ZXN0SBNQAFgDcAB4AJABAJgBAKABAKoBALgBA8gBAPgBAZgCAKACAJgDAJIHAKAHALIHALgHAMIHAMgHAA&sclient=gws-wiz&sei=yWILacOQDp_b1e8PlsK7-Qs
[22:44:28] [INFO ] Main - Browser closed.
